<?xml version="1.0" encoding="UTF-8"?>
<!-- Generated by org.testng.reporters.JUnitReportReporter -->
<testsuite hostname="DESKTOP-U1SKCCQ" name="myPackage.shoppingTestRunner" tests="2" failures="0" timestamp="21 May 2016 07:24:32 GMT" time="0.196" errors="0">
  <testcase name="feature" time="0.165" classname="myPackage.shoppingTestRunner"/>
  <testcase name="feature" time="0.031" classname="myPackage.shoppingTestRunner"/>
</testsuite> <!-- myPackage.shoppingTestRunner -->
