<?xml version="1.0" encoding="UTF-8"?>
<!-- Generated by org.testng.reporters.JUnitReportReporter -->
<testsuite hostname="DESKTOP-U1SKCCQ" name="myPackage.LoginTestRunner" tests="1" failures="0" timestamp="31 May 2016 19:35:35 GMT" time="0.195" errors="0">
  <testcase name="feature" time="0.195" classname="myPackage.LoginTestRunner"/>
</testsuite> <!-- myPackage.LoginTestRunner -->
