<?xml version="1.0" encoding="UTF-8"?>
<!-- Generated by org.testng.reporters.JUnitReportReporter -->
<testsuite hostname="DESKTOP-U1SKCCQ" name="myPackage.shoppingTestRunner" tests="1" failures="0" timestamp="21 May 2016 07:53:06 GMT" time="0.174" errors="0">
  <testcase name="feature" time="0.174" classname="myPackage.shoppingTestRunner"/>
</testsuite> <!-- myPackage.shoppingTestRunner -->
